#-----------------------------------------------------------
# Webtalk v2018.3 (64-bit)
# SW Build 2405991 on Thu Dec  6 23:38:27 MST 2018
# 
# Start of session at: Thu Feb 24 00:09:34 2022
# Process ID: 105968
# Current directory: E:/User_Coding/Xilinx_prj_2018_3/Dual_Camera_HDMI_SDcard_System/Dual_Camera_HDMI_SDcard_System.sdk/webtalk
# Command line: wbtcv.exe -mode batch -source sdk_webtalk.tcl
# Log file: E:/User_Coding/Xilinx_prj_2018_3/Dual_Camera_HDMI_SDcard_System/Dual_Camera_HDMI_SDcard_System.sdk/webtalk/webtalk.log
# Journal file: E:/User_Coding/Xilinx_prj_2018_3/Dual_Camera_HDMI_SDcard_System/Dual_Camera_HDMI_SDcard_System.sdk/webtalk\webtalk.jou
#-----------------------------------------------------------
source sdk_webtalk.tcl
# webtalk_init -webtalk_dir E:\\User_Coding\\Xilinx_prj_2018_3\\Dual_Camera_HDMI_SDcard_System\\Dual_Camera_HDMI_SDcard_System.sdk\\webtalk
# webtalk_register_client -client project
# webtalk_add_data -client project -key date_generated -value "2022-02-24 00:09:32" -context "software_version_and_target_device"
# webtalk_add_data -client project -key product_version -value "SDK v2018.3" -context "software_version_and_target_device"
# webtalk_add_data -client project -key build_version -value "2018.3" -context "software_version_and_target_device"
# webtalk_add_data -client project -key os_platform -value "amd64" -context "software_version_and_target_device"
# webtalk_add_data -client project -key registration_id -value "" -context "software_version_and_target_device"
# webtalk_add_data -client project -key tool_flow -value "SDK" -context "software_version_and_target_device"
# webtalk_add_data -client project -key beta -value "false" -context "software_version_and_target_device"
# webtalk_add_data -client project -key route_design -value "NA" -context "software_version_and_target_device"
# webtalk_add_data -client project -key target_family -value "NA" -context "software_version_and_target_device"
# webtalk_add_data -client project -key target_device -value "NA" -context "software_version_and_target_device"
# webtalk_add_data -client project -key target_package -value "NA" -context "software_version_and_target_device"
# webtalk_add_data -client project -key target_speed -value "NA" -context "software_version_and_target_device"
# webtalk_add_data -client project -key random_id -value "50vrn3r0555s0hsm73672o902" -context "software_version_and_target_device"
# webtalk_add_data -client project -key project_id -value "2018.3_25" -context "software_version_and_target_device"
# webtalk_add_data -client project -key project_iteration -value "25" -context "software_version_and_target_device"
# webtalk_add_data -client project -key os_name -value "Microsoft Windows 8 or later , 64-bit" -context "user_environment"
# webtalk_add_data -client project -key os_release -value "major release  (build 9200)" -context "user_environment"
# webtalk_add_data -client project -key cpu_name -value "Intel(R) Core(TM) i7-8750H CPU @ 2.20GHz" -context "user_environment"
# webtalk_add_data -client project -key cpu_speed -value "2208 MHz" -context "user_environment"
# webtalk_add_data -client project -key total_processors -value "1" -context "user_environment"
# webtalk_add_data -client project -key system_ram -value "8.433 GB" -context "user_environment"
# webtalk_register_client -client sdk
# webtalk_add_data -client sdk -key uid -value "1645608687526" -context "sdk\\\\bsp/1645608687526"
# webtalk_add_data -client sdk -key hwid -value "1645182856813" -context "sdk\\\\bsp/1645608687526"
# webtalk_add_data -client sdk -key os -value "standalone" -context "sdk\\\\bsp/1645608687526"
# webtalk_add_data -client sdk -key apptemplate -value "empty_application" -context "sdk\\\\bsp/1645608687526"
# webtalk_add_data -client sdk -key RecordType -value "BSPCreation" -context "sdk\\\\bsp/1645608687526"
# webtalk_add_data -client sdk -key uid -value "1645608690123" -context "sdk\\\\application/1645608690123"
# webtalk_add_data -client sdk -key hwid -value "1645182856813" -context "sdk\\\\application/1645608690123"
# webtalk_add_data -client sdk -key bspid -value "1645608687526" -context "sdk\\\\application/1645608690123"
# webtalk_add_data -client sdk -key newbsp -value "true" -context "sdk\\\\application/1645608690123"
# webtalk_add_data -client sdk -key os -value "standalone" -context "sdk\\\\application/1645608690123"
# webtalk_add_data -client sdk -key apptemplate -value "empty_application" -context "sdk\\\\application/1645608690123"
# webtalk_add_data -client sdk -key RecordType -value "APPCreation" -context "sdk\\\\application/1645608690123"
# webtalk_add_data -client sdk -key LangUsed -value "C" -context "sdk\\\\application/1645608690123"
# webtalk_add_data -client sdk -key Procused -value "ps7_cortexa9" -context "sdk\\\\application/1645608690123"
# webtalk_add_data -client sdk -key projSize -value "568.7578125" -context "sdk\\\\application/1645608690123"
# webtalk_add_data -client sdk -key uid -value "NA" -context "sdk\\\\bsp/1645632572551"
# webtalk_add_data -client sdk -key RecordType -value "ToolUsage" -context "sdk\\\\bsp/1645632572551"
# webtalk_add_data -client sdk -key BootgenCount -value "0" -context "sdk\\\\bsp/1645632572551"
# webtalk_add_data -client sdk -key DebugCount -value "6" -context "sdk\\\\bsp/1645632572551"
# webtalk_add_data -client sdk -key PerfCount -value "0" -context "sdk\\\\bsp/1645632572551"
# webtalk_add_data -client sdk -key FlashCount -value "0" -context "sdk\\\\bsp/1645632572551"
# webtalk_add_data -client sdk -key CrossTriggCount -value "0" -context "sdk\\\\bsp/1645632572551"
# webtalk_add_data -client sdk -key QemuDebugCount -value "0" -context "sdk\\\\bsp/1645632572551"
# webtalk_transmit -clientid 2354072770 -regid "" -xml E:\\User_Coding\\Xilinx_prj_2018_3\\Dual_Camera_HDMI_SDcard_System\\Dual_Camera_HDMI_SDcard_System.sdk\\webtalk\\usage_statistics_ext_sdk.xml -html E:\\User_Coding\\Xilinx_prj_2018_3\\Dual_Camera_HDMI_SDcard_System\\Dual_Camera_HDMI_SDcard_System.sdk\\webtalk\\usage_statistics_ext_sdk.html -wdm E:\\User_Coding\\Xilinx_prj_2018_3\\Dual_Camera_HDMI_SDcard_System\\Dual_Camera_HDMI_SDcard_System.sdk\\webtalk\\sdk_webtalk.wdm -intro "<H3>SDK Usage Report</H3><BR>"
# webtalk_terminate
INFO: [Common 17-206] Exiting Webtalk at Thu Feb 24 00:09:41 2022...
